<?xml version="1.0" encoding="UTF-8"?>
<testsuite xmlns:xsi="http://www.w3.org/2001/XMLSchema-instance" xsi:noNamespaceSchemaLocation="https://maven.apache.org/surefire/maven-surefire-plugin/xsd/surefire-test-report.xsd" name="com.evelyn.dao.cache.RedisDaoTest" time="2.201" tests="2" errors="0" skipped="0" failures="0">
  <properties>
    <property name="sun.desktop" value="windows"/>
    <property name="awt.toolkit" value="sun.awt.windows.WToolkit"/>
    <property name="file.encoding.pkg" value="sun.io"/>
    <property name="java.specification.version" value="1.8"/>
    <property name="sun.cpu.isalist" value="amd64"/>
    <property name="sun.jnu.encoding" value="GBK"/>
    <property name="java.class.path" value="D:\SoftwareLanguage\code\projectPractice\highConcurSecKill\target\test-classes;D:\SoftwareLanguage\code\projectPractice\highConcurSecKill\target\classes;D:\SoftwareLanguage\Apache\maven-repository\junit\junit\4.12\junit-4.12.jar;D:\SoftwareLanguage\Apache\maven-repository\org\hamcrest\hamcrest-core\1.3\hamcrest-core-1.3.jar;D:\SoftwareLanguage\Apache\maven-repository\org\slf4j\slf4j-api\1.7.32\slf4j-api-1.7.32.jar;D:\SoftwareLanguage\Apache\maven-repository\log4j\log4j\1.2.12\log4j-1.2.12.jar;D:\SoftwareLanguage\Apache\maven-repository\mysql\mysql-connector-java\8.0.26\mysql-connector-java-8.0.26.jar;D:\SoftwareLanguage\Apache\maven-repository\com\google\protobuf\protobuf-java\3.11.4\protobuf-java-3.11.4.jar;D:\SoftwareLanguage\Apache\maven-repository\com\alibaba\druid\1.1.23\druid-1.1.23.jar;D:\SoftwareLanguage\Apache\maven-repository\org\mybatis\mybatis\3.5.7\mybatis-3.5.7.jar;D:\SoftwareLanguage\Apache\maven-repository\org\mybatis\mybatis-spring\2.0.6\mybatis-spring-2.0.6.jar;D:\SoftwareLanguage\Apache\maven-repository\taglibs\standard\1.1.2\standard-1.1.2.jar;D:\SoftwareLanguage\Apache\maven-repository\jstl\jstl\1.2\jstl-1.2.jar;D:\SoftwareLanguage\Apache\maven-repository\com\fasterxml\jackson\core\jackson-databind\2.12.4\jackson-databind-2.12.4.jar;D:\SoftwareLanguage\Apache\maven-repository\com\fasterxml\jackson\core\jackson-annotations\2.12.4\jackson-annotations-2.12.4.jar;D:\SoftwareLanguage\Apache\maven-repository\com\fasterxml\jackson\core\jackson-core\2.12.4\jackson-core-2.12.4.jar;D:\SoftwareLanguage\Apache\maven-repository\javax\servlet\javax.servlet-api\3.1.0\javax.servlet-api-3.1.0.jar;D:\SoftwareLanguage\Apache\maven-repository\org\springframework\spring-core\5.1.7.RELEASE\spring-core-5.1.7.RELEASE.jar;D:\SoftwareLanguage\Apache\maven-repository\org\springframework\spring-jcl\5.1.7.RELEASE\spring-jcl-5.1.7.RELEASE.jar;D:\SoftwareLanguage\Apache\maven-repository\org\springframework\spring-beans\5.1.7.RELEASE\spring-beans-5.1.7.RELEASE.jar;D:\SoftwareLanguage\Apache\maven-repository\org\springframework\spring-context\5.1.7.RELEASE\spring-context-5.1.7.RELEASE.jar;D:\SoftwareLanguage\Apache\maven-repository\org\springframework\spring-aop\5.1.7.RELEASE\spring-aop-5.1.7.RELEASE.jar;D:\SoftwareLanguage\Apache\maven-repository\org\springframework\spring-expression\5.1.7.RELEASE\spring-expression-5.1.7.RELEASE.jar;D:\SoftwareLanguage\Apache\maven-repository\org\springframework\spring-jdbc\5.1.7.RELEASE\spring-jdbc-5.1.7.RELEASE.jar;D:\SoftwareLanguage\Apache\maven-repository\org\springframework\spring-tx\5.1.7.RELEASE\spring-tx-5.1.7.RELEASE.jar;D:\SoftwareLanguage\Apache\maven-repository\org\springframework\spring-web\5.1.7.RELEASE\spring-web-5.1.7.RELEASE.jar;D:\SoftwareLanguage\Apache\maven-repository\org\springframework\spring-webmvc\5.1.7.RELEASE\spring-webmvc-5.1.7.RELEASE.jar;D:\SoftwareLanguage\Apache\maven-repository\org\springframework\spring-test\5.1.7.RELEASE\spring-test-5.1.7.RELEASE.jar;D:\SoftwareLanguage\Apache\maven-repository\redis\clients\jedis\2.7.3\jedis-2.7.3.jar;D:\SoftwareLanguage\Apache\maven-repository\org\apache\commons\commons-pool2\2.3\commons-pool2-2.3.jar;D:\SoftwareLanguage\Apache\maven-repository\com\dyuproject\protostuff\protostuff-core\1.0.7\protostuff-core-1.0.7.jar;D:\SoftwareLanguage\Apache\maven-repository\com\dyuproject\protostuff\protostuff-api\1.0.7\protostuff-api-1.0.7.jar;D:\SoftwareLanguage\Apache\maven-repository\com\dyuproject\protostuff\protostuff-runtime\1.0.7\protostuff-runtime-1.0.7.jar;D:\SoftwareLanguage\Apache\maven-repository\com\dyuproject\protostuff\protostuff-collectionschema\1.0.7\protostuff-collectionschema-1.0.7.jar;D:\SoftwareLanguage\Apache\maven-repository\commons-collections\commons-collections\3.2\commons-collections-3.2.jar;"/>
    <property name="java.vm.vendor" value="Oracle Corporation"/>
    <property name="sun.arch.data.model" value="64"/>
    <property name="user.variant" value=""/>
    <property name="java.vendor.url" value="http://java.oracle.com/"/>
    <property name="user.timezone" value="Asia/Shanghai"/>
    <property name="java.vm.specification.version" value="1.8"/>
    <property name="os.name" value="Windows 10"/>
    <property name="user.country" value="CN"/>
    <property name="sun.java.launcher" value="SUN_STANDARD"/>
    <property name="sun.boot.library.path" value="D:\SoftwareLanguage\Java\JDK8\jre\bin"/>
    <property name="sun.java.command" value="C:\Users\Evelyn\AppData\Local\Temp\surefire7669418501826421039\surefirebooter7884843721461140574.jar C:\Users\Evelyn\AppData\Local\Temp\surefire7669418501826421039 2021-09-14T20-05-46_078-jvmRun1 surefire532749714045646858tmp surefire_06569997947150043747tmp"/>
    <property name="surefire.test.class.path" value="D:\SoftwareLanguage\code\projectPractice\highConcurSecKill\target\test-classes;D:\SoftwareLanguage\code\projectPractice\highConcurSecKill\target\classes;D:\SoftwareLanguage\Apache\maven-repository\junit\junit\4.12\junit-4.12.jar;D:\SoftwareLanguage\Apache\maven-repository\org\hamcrest\hamcrest-core\1.3\hamcrest-core-1.3.jar;D:\SoftwareLanguage\Apache\maven-repository\org\slf4j\slf4j-api\1.7.32\slf4j-api-1.7.32.jar;D:\SoftwareLanguage\Apache\maven-repository\log4j\log4j\1.2.12\log4j-1.2.12.jar;D:\SoftwareLanguage\Apache\maven-repository\mysql\mysql-connector-java\8.0.26\mysql-connector-java-8.0.26.jar;D:\SoftwareLanguage\Apache\maven-repository\com\google\protobuf\protobuf-java\3.11.4\protobuf-java-3.11.4.jar;D:\SoftwareLanguage\Apache\maven-repository\com\alibaba\druid\1.1.23\druid-1.1.23.jar;D:\SoftwareLanguage\Apache\maven-repository\org\mybatis\mybatis\3.5.7\mybatis-3.5.7.jar;D:\SoftwareLanguage\Apache\maven-repository\org\mybatis\mybatis-spring\2.0.6\mybatis-spring-2.0.6.jar;D:\SoftwareLanguage\Apache\maven-repository\taglibs\standard\1.1.2\standard-1.1.2.jar;D:\SoftwareLanguage\Apache\maven-repository\jstl\jstl\1.2\jstl-1.2.jar;D:\SoftwareLanguage\Apache\maven-repository\com\fasterxml\jackson\core\jackson-databind\2.12.4\jackson-databind-2.12.4.jar;D:\SoftwareLanguage\Apache\maven-repository\com\fasterxml\jackson\core\jackson-annotations\2.12.4\jackson-annotations-2.12.4.jar;D:\SoftwareLanguage\Apache\maven-repository\com\fasterxml\jackson\core\jackson-core\2.12.4\jackson-core-2.12.4.jar;D:\SoftwareLanguage\Apache\maven-repository\javax\servlet\javax.servlet-api\3.1.0\javax.servlet-api-3.1.0.jar;D:\SoftwareLanguage\Apache\maven-repository\org\springframework\spring-core\5.1.7.RELEASE\spring-core-5.1.7.RELEASE.jar;D:\SoftwareLanguage\Apache\maven-repository\org\springframework\spring-jcl\5.1.7.RELEASE\spring-jcl-5.1.7.RELEASE.jar;D:\SoftwareLanguage\Apache\maven-repository\org\springframework\spring-beans\5.1.7.RELEASE\spring-beans-5.1.7.RELEASE.jar;D:\SoftwareLanguage\Apache\maven-repository\org\springframework\spring-context\5.1.7.RELEASE\spring-context-5.1.7.RELEASE.jar;D:\SoftwareLanguage\Apache\maven-repository\org\springframework\spring-aop\5.1.7.RELEASE\spring-aop-5.1.7.RELEASE.jar;D:\SoftwareLanguage\Apache\maven-repository\org\springframework\spring-expression\5.1.7.RELEASE\spring-expression-5.1.7.RELEASE.jar;D:\SoftwareLanguage\Apache\maven-repository\org\springframework\spring-jdbc\5.1.7.RELEASE\spring-jdbc-5.1.7.RELEASE.jar;D:\SoftwareLanguage\Apache\maven-repository\org\springframework\spring-tx\5.1.7.RELEASE\spring-tx-5.1.7.RELEASE.jar;D:\SoftwareLanguage\Apache\maven-repository\org\springframework\spring-web\5.1.7.RELEASE\spring-web-5.1.7.RELEASE.jar;D:\SoftwareLanguage\Apache\maven-repository\org\springframework\spring-webmvc\5.1.7.RELEASE\spring-webmvc-5.1.7.RELEASE.jar;D:\SoftwareLanguage\Apache\maven-repository\org\springframework\spring-test\5.1.7.RELEASE\spring-test-5.1.7.RELEASE.jar;D:\SoftwareLanguage\Apache\maven-repository\redis\clients\jedis\2.7.3\jedis-2.7.3.jar;D:\SoftwareLanguage\Apache\maven-repository\org\apache\commons\commons-pool2\2.3\commons-pool2-2.3.jar;D:\SoftwareLanguage\Apache\maven-repository\com\dyuproject\protostuff\protostuff-core\1.0.7\protostuff-core-1.0.7.jar;D:\SoftwareLanguage\Apache\maven-repository\com\dyuproject\protostuff\protostuff-api\1.0.7\protostuff-api-1.0.7.jar;D:\SoftwareLanguage\Apache\maven-repository\com\dyuproject\protostuff\protostuff-runtime\1.0.7\protostuff-runtime-1.0.7.jar;D:\SoftwareLanguage\Apache\maven-repository\com\dyuproject\protostuff\protostuff-collectionschema\1.0.7\protostuff-collectionschema-1.0.7.jar;D:\SoftwareLanguage\Apache\maven-repository\commons-collections\commons-collections\3.2\commons-collections-3.2.jar;"/>
    <property name="sun.cpu.endian" value="little"/>
    <property name="user.home" value="C:\Users\Evelyn"/>
    <property name="user.language" value="zh"/>
    <property name="java.specification.vendor" value="Oracle Corporation"/>
    <property name="java.home" value="D:\SoftwareLanguage\Java\JDK8\jre"/>
    <property name="basedir" value="D:\SoftwareLanguage\code\projectPractice\highConcurSecKill"/>
    <property name="file.separator" value="\"/>
    <property name="line.separator" value="&#10;"/>
    <property name="java.vm.specification.vendor" value="Oracle Corporation"/>
    <property name="java.specification.name" value="Java Platform API Specification"/>
    <property name="java.awt.graphicsenv" value="sun.awt.Win32GraphicsEnvironment"/>
    <property name="surefire.real.class.path" value="C:\Users\Evelyn\AppData\Local\Temp\surefire7669418501826421039\surefirebooter7884843721461140574.jar"/>
    <property name="sun.boot.class.path" value="D:\SoftwareLanguage\Java\JDK8\jre\lib\resources.jar;D:\SoftwareLanguage\Java\JDK8\jre\lib\rt.jar;D:\SoftwareLanguage\Java\JDK8\jre\lib\sunrsasign.jar;D:\SoftwareLanguage\Java\JDK8\jre\lib\jsse.jar;D:\SoftwareLanguage\Java\JDK8\jre\lib\jce.jar;D:\SoftwareLanguage\Java\JDK8\jre\lib\charsets.jar;D:\SoftwareLanguage\Java\JDK8\jre\lib\jfr.jar;D:\SoftwareLanguage\Java\JDK8\jre\classes"/>
    <property name="user.script" value=""/>
    <property name="sun.management.compiler" value="HotSpot 64-Bit Tiered Compilers"/>
    <property name="java.runtime.version" value="1.8.0_301-b09"/>
    <property name="user.name" value="Evelyn"/>
    <property name="path.separator" value=";"/>
    <property name="os.version" value="10.0"/>
    <property name="java.endorsed.dirs" value="D:\SoftwareLanguage\Java\JDK8\jre\lib\endorsed"/>
    <property name="java.runtime.name" value="Java(TM) SE Runtime Environment"/>
    <property name="file.encoding" value="GBK"/>
    <property name="java.vm.name" value="Java HotSpot(TM) 64-Bit Server VM"/>
    <property name="localRepository" value="D:\SoftwareLanguage\Apache\maven-repository"/>
    <property name="java.vendor.url.bug" value="http://bugreport.sun.com/bugreport/"/>
    <property name="java.io.tmpdir" value="C:\Users\Evelyn\AppData\Local\Temp\"/>
    <property name="idea.version" value="2020.2.3"/>
    <property name="java.version" value="1.8.0_301"/>
    <property name="user.dir" value="D:\SoftwareLanguage\code\projectPractice\highConcurSecKill"/>
    <property name="os.arch" value="amd64"/>
    <property name="java.vm.specification.name" value="Java Virtual Machine Specification"/>
    <property name="java.awt.printerjob" value="sun.awt.windows.WPrinterJob"/>
    <property name="sun.os.patch.level" value=""/>
    <property name="java.library.path" value="D:\SoftwareLanguage\Java\JDK8\jre\bin;C:\WINDOWS\Sun\Java\bin;C:\WINDOWS\system32;C:\WINDOWS;C:\Program Files (x86)\Common Files\Oracle\Java\javapath;C:\Program Files\MySQL\MySQL Server 8.0\bin;C:\Windows\system32;C:\Windows;C:\Windows\System32\Wbem;C:\Windows\System32\WindowsPowerShell\v1.0\;C:\Windows\System32\OpenSSH\;C:\Program Files (x86)\NVIDIA Corporation\PhysX\Common;C:\Program Files\NVIDIA Corporation\NVIDIA NvDLISR;D:\SoftwareLanguage\Java\jdk\bin;D:\SoftwareLanguage\Matlab\runtime\win64;D:\SoftwareLanguage\Matlab\bin;D:\SoftwareLanguage\C\mingw64\bin;C:\WINDOWS\system32;C:\WINDOWS;C:\WINDOWS\System32\Wbem;C:\WINDOWS\System32\WindowsPowerShell\v1.0\;C:\WINDOWS\System32\OpenSSH\;D:\SoftwareLanguage\Git\cmd;D:\SoftwareLanguage\CTEX\MiKTeX\miktex\bin\;C:\CTEX\MiKTeX\miktex\bin\;D:\texlive\2021\bin\win32;D:\SoftwareLanguage\Apache\apache-maven-3.8.2\bin\;D:\SoftwareLanguage\Java\jdk\bin\;D:\SoftwareLanguage\nodejs\;D:\SoftwareLanguage\nodejs\node_global;C:\Program Files\MySQL\MySQL Shell 8.0\bin\;D:\SoftwareLanguage\Python\Scripts\;D:\SoftwareLanguage\Python\;C:\Users\Evelyn\AppData\Local\Microsoft\WindowsApps;D:\SoftwareLanguage\Microsoft VS Code\bin;D:\SoftwareLanguage\C\mingw64\bin;C:\Users\Evelyn\AppData\Local\Microsoft\WindowsApps;D:\SoftwareLanguage\Java\IntelliJ IDEA 2020.2.3\bin;;C:\Users\Evelyn\AppData\Roaming\npm;."/>
    <property name="java.vm.info" value="mixed mode"/>
    <property name="java.vendor" value="Oracle Corporation"/>
    <property name="java.vm.version" value="25.301-b09"/>
    <property name="java.ext.dirs" value="D:\SoftwareLanguage\Java\JDK8\jre\lib\ext;C:\WINDOWS\Sun\Java\lib\ext"/>
    <property name="sun.io.unicode.encoding" value="UnicodeLittle"/>
    <property name="maven.repo.local" value="D:\SoftwareLanguage\Apache\maven-repository"/>
    <property name="java.class.version" value="52.0"/>
  </properties>
  <testcase name="putSeckill" classname="com.evelyn.dao.cache.RedisDaoTest" time="0.005"/>
  <testcase name="getSeckill" classname="com.evelyn.dao.cache.RedisDaoTest" time="0.239"/>
</testsuite>